<?xml version="1.0" encoding="UTF-8"?>
<coverage generated="1438293226">
  <project timestamp="1438293226">
    <file name="/home/vagrant/code/onion/src/LayerInterface.php">
      <metrics loc="11" ncloc="11" classes="0" methods="0" coveredmethods="0" conditionals="0" coveredconditionals="0" statements="0" coveredstatements="0" elements="0" coveredelements="0"/>
    </file>
    <package name="Optimus\Onion">
      <file name="/home/vagrant/code/onion/src/Onion.php">
        <class name="Onion" namespace="Optimus\Onion">
          <metrics methods="6" coveredmethods="5" conditionals="0" coveredconditionals="0" statements="21" coveredstatements="20" elements="27" coveredelements="25"/>
        </class>
        <line num="13" type="method" name="__construct" crap="1" count="2"/>
        <line num="15" type="stmt" count="2"/>
        <line num="16" type="stmt" count="2"/>
        <line num="18" type="method" name="layer" crap="4.02" count="2"/>
        <line num="20" type="stmt" count="2"/>
        <line num="21" type="stmt" count="1"/>
        <line num="22" type="stmt" count="1"/>
        <line num="24" type="stmt" count="2"/>
        <line num="25" type="stmt" count="1"/>
        <line num="26" type="stmt" count="1"/>
        <line num="28" type="stmt" count="2"/>
        <line num="29" type="stmt" count="0"/>
        <line num="32" type="stmt" count="2"/>
        <line num="35" type="method" name="peel" crap="1" count="2"/>
        <line num="37" type="stmt" count="2"/>
        <line num="43" type="stmt" count="2"/>
        <line num="49" type="stmt" count="2"/>
        <line num="50" type="stmt" count="2"/>
        <line num="54" type="stmt" count="2"/>
        <line num="57" type="method" name="toArray" crap="1" count="1"/>
        <line num="59" type="stmt" count="1"/>
        <line num="64" type="method" name="createCoreFunction" crap="1" count="2"/>
        <line num="67" type="stmt" count="2"/>
        <line num="68" type="stmt" count="2"/>
        <line num="75" type="method" name="anonymous function" crap="1" count="2"/>
        <line num="76" type="stmt" count="2"/>
        <line num="77" type="stmt" count="2"/>
        <metrics loc="80" ncloc="54" classes="1" methods="6" coveredmethods="5" conditionals="0" coveredconditionals="0" statements="21" coveredstatements="20" elements="27" coveredelements="25"/>
      </file>
    </package>
    <metrics files="2" loc="91" ncloc="65" classes="1" methods="6" coveredmethods="5" conditionals="0" coveredconditionals="0" statements="21" coveredstatements="20" elements="27" coveredelements="25"/>
  </project>
</coverage>
